2020-04-15 13:53:16 INFO  DemoApplication:11 - Starting the program in thread 1
2020-04-15 13:53:17 INFO  DemoApplication:11 - Starting the program in thread 15
2020-04-15 13:53:45 DEBUG Request:34 - 
Creating connection with url: http://ws.audioscrobbler.com/2.0/?method=album.getinfo&api_key=310d22580d72a57938fc4d7f713a0fab&artist=Nirvana&album=Nevermind&format=json
2020-04-15 13:53:45 DEBUG Request:40 - Starting URL connection
Current thread 35
2020-04-15 13:53:46 DEBUG Request:49 - Successful connection
2020-04-15 13:53:46 INFO  Request:53 - Closing connection resources

2020-04-15 13:53:46 DEBUG Request:34 - 
Creating connection with url: http://ws.audioscrobbler.com/2.0/?method=track.getinfo&api_key=310d22580d72a57938fc4d7f713a0fab&artist=Nirvana&track=Smells Like Teen Spirit&format=json
2020-04-15 13:53:46 DEBUG Request:40 - Starting URL connection
Current thread 55
2020-04-15 13:53:46 DEBUG Request:49 - Successful connection
2020-04-15 13:53:46 INFO  Request:53 - Closing connection resources

2020-04-15 13:53:46 DEBUG Request:34 - 
Creating connection with url: http://ws.audioscrobbler.com/2.0/?method=track.getinfo&api_key=310d22580d72a57938fc4d7f713a0fab&artist=Nirvana&track=In Bloom&format=json
2020-04-15 13:53:46 DEBUG Request:40 - Starting URL connection
Current thread 56
2020-04-15 13:53:46 DEBUG Request:49 - Successful connection
2020-04-15 13:53:46 INFO  Request:53 - Closing connection resources

2020-04-15 13:53:46 DEBUG Request:34 - 
Creating connection with url: http://ws.audioscrobbler.com/2.0/?method=track.getinfo&api_key=310d22580d72a57938fc4d7f713a0fab&artist=Nirvana&track=Come as You Are&format=json
2020-04-15 13:53:47 DEBUG Request:40 - Starting URL connection
Current thread 57
2020-04-15 13:53:47 DEBUG Request:49 - Successful connection
2020-04-15 13:53:47 INFO  Request:53 - Closing connection resources

2020-04-15 13:53:47 DEBUG Request:34 - 
Creating connection with url: http://ws.audioscrobbler.com/2.0/?method=track.getinfo&api_key=310d22580d72a57938fc4d7f713a0fab&artist=Nirvana&track=Breed&format=json
2020-04-15 13:53:47 DEBUG Request:40 - Starting URL connection
Current thread 58
2020-04-15 13:53:47 DEBUG Request:49 - Successful connection
2020-04-15 13:53:47 INFO  Request:53 - Closing connection resources

2020-04-15 13:53:47 DEBUG Request:34 - 
Creating connection with url: http://ws.audioscrobbler.com/2.0/?method=track.getinfo&api_key=310d22580d72a57938fc4d7f713a0fab&artist=Nirvana&track=Lithium&format=json
2020-04-15 13:53:48 DEBUG Request:40 - Starting URL connection
Current thread 59
2020-04-15 13:53:48 DEBUG Request:49 - Successful connection
2020-04-15 13:53:48 INFO  Request:53 - Closing connection resources

2020-04-15 13:53:48 DEBUG Request:34 - 
Creating connection with url: http://ws.audioscrobbler.com/2.0/?method=track.getinfo&api_key=310d22580d72a57938fc4d7f713a0fab&artist=Nirvana&track=Polly&format=json
2020-04-15 13:53:48 DEBUG Request:40 - Starting URL connection
Current thread 55
2020-04-15 13:53:48 DEBUG Request:49 - Successful connection
2020-04-15 13:53:48 INFO  Request:53 - Closing connection resources

2020-04-15 13:53:48 DEBUG Request:34 - 
Creating connection with url: http://ws.audioscrobbler.com/2.0/?method=track.getinfo&api_key=310d22580d72a57938fc4d7f713a0fab&artist=Nirvana&track=Territorial Pissings&format=json
2020-04-15 13:53:48 DEBUG Request:40 - Starting URL connection
Current thread 56
2020-04-15 13:53:49 DEBUG Request:49 - Successful connection
2020-04-15 13:53:49 INFO  Request:53 - Closing connection resources

2020-04-15 13:53:49 DEBUG Request:34 - 
Creating connection with url: http://ws.audioscrobbler.com/2.0/?method=track.getinfo&api_key=310d22580d72a57938fc4d7f713a0fab&artist=Nirvana&track=Drain You&format=json
2020-04-15 13:53:49 DEBUG Request:40 - Starting URL connection
Current thread 57
2020-04-15 13:53:49 DEBUG Request:49 - Successful connection
2020-04-15 13:53:49 INFO  Request:53 - Closing connection resources

2020-04-15 13:53:49 DEBUG Request:34 - 
Creating connection with url: http://ws.audioscrobbler.com/2.0/?method=track.getinfo&api_key=310d22580d72a57938fc4d7f713a0fab&artist=Nirvana&track=Lounge Act&format=json
2020-04-15 13:53:49 DEBUG Request:40 - Starting URL connection
Current thread 58
2020-04-15 13:53:50 DEBUG Request:49 - Successful connection
2020-04-15 13:53:50 INFO  Request:53 - Closing connection resources

2020-04-15 13:53:50 DEBUG Request:34 - 
Creating connection with url: http://ws.audioscrobbler.com/2.0/?method=track.getinfo&api_key=310d22580d72a57938fc4d7f713a0fab&artist=Nirvana&track=Stay Away&format=json
2020-04-15 13:53:50 DEBUG Request:40 - Starting URL connection
Current thread 59
2020-04-15 13:53:50 DEBUG Request:49 - Successful connection
2020-04-15 13:53:50 INFO  Request:53 - Closing connection resources

2020-04-15 13:53:50 DEBUG Request:34 - 
Creating connection with url: http://ws.audioscrobbler.com/2.0/?method=track.getinfo&api_key=310d22580d72a57938fc4d7f713a0fab&artist=Nirvana&track=On a Plain&format=json
2020-04-15 13:53:50 DEBUG Request:40 - Starting URL connection
Current thread 55
2020-04-15 13:53:50 DEBUG Request:49 - Successful connection
2020-04-15 13:53:50 INFO  Request:53 - Closing connection resources

2020-04-15 13:53:50 DEBUG Request:34 - 
Creating connection with url: http://ws.audioscrobbler.com/2.0/?method=track.getinfo&api_key=310d22580d72a57938fc4d7f713a0fab&artist=Nirvana&track=Something in the Way / Endless, Nameless&format=json
2020-04-15 13:53:51 DEBUG Request:40 - Starting URL connection
Current thread 56
2020-04-15 13:53:51 DEBUG Request:49 - Successful connection
2020-04-15 13:53:51 INFO  Request:53 - Closing connection resources

