2020-03-13 16:01:24.293  INFO 13408 --- [restartedMain] com.aleksenko.artemii.DemoApplication    : Starting DemoApplication on DESKTOP-FUEUPGL with PID 13408 (C:\Users\Admin\Desktop\Java\JavaProject\target\classes started by Admin in C:\Users\Admin\Desktop\Java\JavaProject)
2020-03-13 16:01:24.302  INFO 13408 --- [restartedMain] com.aleksenko.artemii.DemoApplication    : No active profile set, falling back to default profiles: default
2020-03-13 16:01:24.417  INFO 13408 --- [restartedMain] .e.DevToolsPropertyDefaultsPostProcessor : Devtools property defaults active! Set 'spring.devtools.add-properties' to 'false' to disable
2020-03-13 16:01:24.417  INFO 13408 --- [restartedMain] .e.DevToolsPropertyDefaultsPostProcessor : For additional web related logging consider setting the 'logging.level.web' property to 'DEBUG'
2020-03-13 16:01:26.063  INFO 13408 --- [restartedMain] o.s.b.w.embedded.tomcat.TomcatWebServer  : Tomcat initialized with port(s): 9090 (http)
2020-03-13 16:01:26.076  INFO 13408 --- [restartedMain] o.apache.catalina.core.StandardService   : Starting service [Tomcat]
2020-03-13 16:01:26.076  INFO 13408 --- [restartedMain] org.apache.catalina.core.StandardEngine  : Starting Servlet engine: [Apache Tomcat/9.0.31]
2020-03-13 16:01:26.466  INFO 13408 --- [restartedMain] org.apache.jasper.servlet.TldScanner     : At least one JAR was scanned for TLDs yet contained no TLDs. Enable debug logging for this logger for a complete list of JARs that were scanned but no TLDs were found in them. Skipping unneeded JARs during scanning can improve startup time and JSP compilation time.
2020-03-13 16:01:26.473  INFO 13408 --- [restartedMain] o.a.c.c.C.[Tomcat].[localhost].[/]       : Initializing Spring embedded WebApplicationContext
2020-03-13 16:01:26.473  INFO 13408 --- [restartedMain] o.s.web.context.ContextLoader            : Root WebApplicationContext: initialization completed in 2055 ms
2020-03-13 16:01:26.796  INFO 13408 --- [restartedMain] o.s.s.concurrent.ThreadPoolTaskExecutor  : Initializing ExecutorService 'applicationTaskExecutor'
2020-03-13 16:01:27.089  INFO 13408 --- [restartedMain] o.s.b.d.a.OptionalLiveReloadServer       : LiveReload server is running on port 35729
2020-03-13 16:01:27.165  INFO 13408 --- [restartedMain] o.s.b.w.embedded.tomcat.TomcatWebServer  : Tomcat started on port(s): 9090 (http) with context path ''
2020-03-13 16:01:27.171  INFO 13408 --- [restartedMain] com.aleksenko.artemii.DemoApplication    : Started DemoApplication in 3.756 seconds (JVM running for 5.006)
2020-03-13 16:02:16.583  INFO 7496 --- [restartedMain] com.aleksenko.artemii.DemoApplication    : Starting DemoApplication on DESKTOP-FUEUPGL with PID 7496 (C:\Users\Admin\Desktop\Java\JavaProject\target\classes started by Admin in C:\Users\Admin\Desktop\Java\JavaProject)
2020-03-13 16:02:16.589  INFO 7496 --- [restartedMain] com.aleksenko.artemii.DemoApplication    : No active profile set, falling back to default profiles: default
2020-03-13 16:02:16.714  INFO 7496 --- [restartedMain] .e.DevToolsPropertyDefaultsPostProcessor : Devtools property defaults active! Set 'spring.devtools.add-properties' to 'false' to disable
2020-03-13 16:02:16.714  INFO 7496 --- [restartedMain] .e.DevToolsPropertyDefaultsPostProcessor : For additional web related logging consider setting the 'logging.level.web' property to 'DEBUG'
2020-03-13 16:02:18.454  INFO 7496 --- [restartedMain] o.s.b.w.embedded.tomcat.TomcatWebServer  : Tomcat initialized with port(s): 9090 (http)
2020-03-13 16:02:18.467  INFO 7496 --- [restartedMain] o.apache.catalina.core.StandardService   : Starting service [Tomcat]
2020-03-13 16:02:18.468  INFO 7496 --- [restartedMain] org.apache.catalina.core.StandardEngine  : Starting Servlet engine: [Apache Tomcat/9.0.31]
2020-03-13 16:02:18.912  INFO 7496 --- [restartedMain] org.apache.jasper.servlet.TldScanner     : At least one JAR was scanned for TLDs yet contained no TLDs. Enable debug logging for this logger for a complete list of JARs that were scanned but no TLDs were found in them. Skipping unneeded JARs during scanning can improve startup time and JSP compilation time.
2020-03-13 16:02:18.920  INFO 7496 --- [restartedMain] o.a.c.c.C.[Tomcat].[localhost].[/]       : Initializing Spring embedded WebApplicationContext
2020-03-13 16:02:18.920  INFO 7496 --- [restartedMain] o.s.web.context.ContextLoader            : Root WebApplicationContext: initialization completed in 2205 ms
2020-03-13 16:02:19.341  INFO 7496 --- [restartedMain] o.s.s.concurrent.ThreadPoolTaskExecutor  : Initializing ExecutorService 'applicationTaskExecutor'
2020-03-13 16:02:19.586  INFO 7496 --- [restartedMain] o.s.b.d.a.OptionalLiveReloadServer       : LiveReload server is running on port 35729
2020-03-13 16:02:19.665  INFO 7496 --- [restartedMain] o.s.b.w.embedded.tomcat.TomcatWebServer  : Tomcat started on port(s): 9090 (http) with context path ''
2020-03-13 16:02:19.670  INFO 7496 --- [restartedMain] com.aleksenko.artemii.DemoApplication    : Started DemoApplication in 4.021 seconds (JVM running for 5.231)
